Mon Jan  9 06:42:27 UTC 2017
 Product Attributes index was successfully changed index mode
 Product Prices index was successfully changed index mode
 Catalog URL Rewrites index was successfully changed index mode
 Product Flat Data index was successfully changed index mode
 Category Flat Data index was successfully changed index mode
 Category Products index was successfully changed index mode
 Catalog Search Index index was successfully changed index mode
 Stock Status index was successfully changed index mode
 Tag Aggregation Data index was successfully changed index mode
 Product Attributes index was rebuilt successfully
Product Prices index was rebuilt successfully
Catalog URL Rewrites index was rebuilt successfully
Product Flat Data index was rebuilt successfully
Category Products index was rebuilt successfully
Catalog Search Index index was rebuilt successfully
Stock Status index was rebuilt successfully
Tag Aggregation Data index was rebuilt successfully
 Product Attributes index was successfully changed index mode
 Product Prices index was successfully changed index mode
 Catalog URL Rewrites index was successfully changed index mode
 Product Flat Data index was successfully changed index mode
 Category Flat Data index was successfully changed index mode
 Category Products index was successfully changed index mode
 Catalog Search Index index was successfully changed index mode
 Stock Status index was successfully changed index mode
 Tag Aggregation Data index was successfully changed index mode
/data/vhosts/www.os-store.com/aier
Mon Jan  9 07:44:56 UTC 2017
